2021-03-18 04:01:27 PM - INFO - Script start time: 2021-03-18 16:01:27
2021-03-18 04:01:36 PM - INFO - Getting Collections (RAPI Query): https://www.eodms-sgdot.nrcan-rncan.gc.ca/wes/rapi/collections
2021-03-18 04:01:36 PM - INFO - Getting Fields for Collection NAPL (RAPI Query): https://www.eodms-sgdot.nrcan-rncan.gc.ca/wes/rapi/collections/NAPL
2021-03-18 04:01:37 PM - INFO - Getting Fields for Collection RCMImageProducts (RAPI Query): https://www.eodms-sgdot.nrcan-rncan.gc.ca/wes/rapi/collections/RCMImageProducts
2021-03-18 04:01:38 PM - INFO - Getting Fields for Collection Radarsat1 (RAPI Query): https://www.eodms-sgdot.nrcan-rncan.gc.ca/wes/rapi/collections/Radarsat1
2021-03-18 04:01:38 PM - INFO - Getting Fields for Collection Radarsat2 (RAPI Query): https://www.eodms-sgdot.nrcan-rncan.gc.ca/wes/rapi/collections/Radarsat2
2021-03-18 04:01:39 PM - INFO - Getting Fields for Collection TerraSarX (RAPI Query): https://www.eodms-sgdot.nrcan-rncan.gc.ca/wes/rapi/collections/TerraSarX
2021-03-18 04:01:42 PM - INFO - Searching for images using an AOI.
2021-03-18 04:02:10 PM - INFO - Command-line Syntax: python C:\Working\Gits\eodms-rapi-orderdownload\eodms-orderdownload.py -c "RCM Image Products" -i C:\Working\Development\EODMS\eodms-rapi-orderdownload\Kanata_AOI.geojson -o search_only -f "" -s
2021-03-18 04:02:10 PM - INFO - Script Parameters:
  collections: ['RCM Image Products']
  dates: 
  input: C:\Working\Development\EODMS\eodms-rapi-orderdownload\Kanata_AOI.geojson
  maximum: None
  option: search_only
  session: <requests.sessions.Session object at 0x000002419D5B1088>
  filters: {'RCMImageProducts': []}

2021-03-18 04:02:10 PM - INFO - Process start time: 2021-03-18 16:02:10
2021-03-18 04:02:10 PM - INFO - Searching for images (RAPI query):

https://www.eodms-sgdot.nrcan-rncan.gc.ca/wes/rapi/search?collection=RCMImageProducts&query=CATALOG_IMAGE.THE_GEOM_4326+INTERSECTS+POLYGON+%28%28-75.8872423679486+45.3188130296462%2C-75.8261238557069+45.3188130296462%2C-75.8261238557069+45.2835570600234%2C-75.8872423679486+45.2835570600234%2C-75.8872423679486+45.3188130296462%29%29&resultField=RCM.BEAM_MNEMONIC%2CCATALOG_IMAGE.THE_GEOM_4326&maxResults=1000&format=json

